2025-01-13 16:37:57:INFO:####test_title_verification###:
2025-01-13 16:37:59:INFO:****Opening URL****:
2025-01-13 16:38:04:INFO:************Title match************:
2025-01-13 16:38:25:INFO:###test_valid_admin_login####:
2025-01-13 16:38:31:INFO:****Opening URL****:
2025-01-13 16:38:32:INFO:****Entering Username****:
2025-01-13 16:38:32:INFO:****Entering password****:
2025-01-13 16:38:40:INFO:************Platform_finded************:
2025-01-13 16:39:43:INFO:####test_title_verification###:
2025-01-13 16:39:44:INFO:****Opening URL****:
2025-01-13 16:39:49:INFO:************Title not match************:
2025-01-13 16:40:47:INFO:###test_valid_admin_login####:
2025-01-13 16:40:53:INFO:****Opening URL****:
2025-01-13 16:40:53:INFO:****Entering Username****:
2025-01-13 16:40:54:INFO:****Entering password****:
2025-01-13 16:43:14:INFO:###test_valid_admin_login####:
2025-01-13 16:43:14:INFO:####test_title_verification###:
2025-01-13 16:43:15:INFO:****Opening URL****:
2025-01-13 16:43:20:INFO:****Opening URL****:
2025-01-13 16:43:20:INFO:************Title match************:
2025-01-13 16:43:20:INFO:****Entering Username****:
2025-01-13 16:43:21:INFO:****Entering password****:
2025-01-13 16:46:05:INFO:####test_title_verification###:
2025-01-13 16:46:05:INFO:###test_valid_admin_login####:
2025-01-13 16:46:06:INFO:****Opening URL****:
2025-01-13 16:46:11:INFO:****Opening URL****:
2025-01-13 16:46:11:INFO:************Title match************:
2025-01-13 16:46:12:INFO:****Entering Username****:
2025-01-13 16:46:12:INFO:****Entering password****:
2025-01-13 16:47:12:INFO:####test_title_verification###:
2025-01-13 16:47:12:INFO:****Opening URL****:
2025-01-13 16:47:21:INFO:###test_valid_admin_login####:
2025-01-13 16:47:27:INFO:****Opening URL****:
2025-01-13 16:49:08:INFO:###test_valid_admin_login####:
2025-01-13 16:49:09:INFO:####test_title_verification###:
2025-01-13 16:49:10:INFO:****Opening URL****:
2025-01-13 16:49:14:INFO:****Opening URL****:
2025-01-13 16:49:15:INFO:****Entering Username****:
2025-01-13 16:49:15:INFO:************Title match************:
2025-01-13 16:49:15:INFO:****Entering password****:
2025-01-13 16:49:22:INFO:************Platform_finded************:
2025-01-13 16:53:16:INFO:####test_title_verification###:
2025-01-13 16:53:17:INFO:****Opening URL****:
2025-01-13 16:53:22:INFO:************Title match************:
2025-01-13 16:53:26:INFO:###test_valid_admin_login####:
2025-01-13 16:53:32:INFO:****Opening URL****:
2025-01-13 16:53:32:INFO:****Entering Username****:
2025-01-13 16:53:33:INFO:****Entering password****:
2025-01-13 16:53:40:INFO:************Platform_finded************:
2025-01-13 16:59:41:INFO:###test_valid_admin_login####:
2025-01-13 16:59:47:INFO:****Opening URL****:
2025-01-13 16:59:48:INFO:****Entering Username****:
2025-01-13 16:59:48:INFO:****Entering password****:
2025-01-13 18:28:13:INFO:###test_valid_admin_login####:
2025-01-13 18:28:19:INFO:****Opening URL****:
2025-01-13 18:28:20:INFO:****Entering Username****:
2025-01-13 18:28:20:INFO:****Entering password****:
2025-01-13 18:34:06:INFO:###test_valid_admin_login####:
2025-01-13 18:34:12:INFO:****Opening URL****:
2025-01-13 18:34:12:INFO:****Entering Username****:
2025-01-13 18:34:12:INFO:****Entering password****:
2025-01-15 10:32:38:INFO:###test_valid_admin_login####:
2025-01-15 10:32:47:INFO:****Opening URL****:
2025-01-15 10:32:48:INFO:****Entering Username****:
2025-01-15 10:32:48:INFO:****Entering password****:
2025-01-15 10:33:41:INFO:###test_valid_admin_login####:
2025-01-15 10:33:47:INFO:****Opening URL****:
2025-01-15 10:33:48:INFO:****Entering Username****:
2025-01-15 10:33:48:INFO:****Entering password****:
2025-01-15 10:41:06:INFO:###test_valid_admin_login####:
2025-01-15 10:41:13:INFO:****Opening URL****:
2025-01-15 10:41:45:INFO:###test_valid_admin_login####:
2025-01-15 10:41:51:INFO:****Opening URL****:
2025-01-15 10:41:51:INFO:****Entering Username****:
2025-01-15 10:41:52:INFO:****Entering password****:
2025-01-15 10:42:31:INFO:###test_valid_admin_login####:
2025-01-15 10:42:38:INFO:****Opening URL****:
2025-01-15 10:42:39:INFO:****Entering Username****:
2025-01-15 10:42:39:INFO:****Entering password****:
2025-01-15 12:09:45:INFO:###test_add_product####:
2025-01-15 12:09:51:INFO:****Opening URL****:
2025-01-15 12:09:52:INFO:****Entering Username****:
2025-01-15 12:09:52:INFO:****Entering password****:
2025-01-15 12:12:51:INFO:###test_add_product####:
2025-01-15 12:12:57:INFO:****Opening URL****:
2025-01-15 12:12:57:INFO:****Entering Username****:
2025-01-15 12:12:58:INFO:****Entering password****:
2025-01-15 12:20:46:INFO:###test_add_product####:
2025-01-15 12:20:52:INFO:****Opening URL****:
2025-01-15 12:20:52:INFO:****Entering Username****:
2025-01-15 12:20:52:INFO:****Entering password****:
2025-01-15 12:24:30:INFO:###test_add_product####:
2025-01-15 12:24:36:INFO:****Opening URL****:
2025-01-15 12:24:36:INFO:****Entering Username****:
2025-01-15 12:24:36:INFO:****Entering password****:
2025-01-15 12:26:07:INFO:###test_add_product####:
2025-01-15 12:26:13:INFO:****Opening URL****:
2025-01-15 12:26:13:INFO:****Entering Username****:
2025-01-15 12:26:14:INFO:****Entering password****:
2025-01-15 12:28:02:INFO:###test_add_product####:
2025-01-15 12:28:08:INFO:****Opening URL****:
2025-01-15 12:28:08:INFO:****Entering Username****:
2025-01-15 12:28:08:INFO:****Entering password****:
2025-01-15 12:28:15:INFO:****Clicked_on_slider***:
2025-01-15 12:28:15:INFO:****Clicked_on_product_catalogue***:
2025-01-15 12:28:15:INFO:****Clicked_on_product***:
2025-01-15 12:28:52:INFO:###test_add_product####:
2025-01-15 12:28:58:INFO:****Opening URL****:
2025-01-15 12:28:58:INFO:****Entering Username****:
2025-01-15 12:28:59:INFO:****Entering password****:
2025-01-15 12:30:21:INFO:###test_add_product####:
2025-01-15 12:30:27:INFO:****Opening URL****:
2025-01-15 12:30:27:INFO:****Entering Username****:
2025-01-15 12:30:28:INFO:****Entering password****:
2025-01-15 12:30:34:INFO:****Clicked_on_slider***:
2025-01-15 12:30:34:INFO:****Clicked_on_product_catalogue***:
2025-01-15 12:30:35:INFO:****Clicked_on_product***:
2025-01-15 12:32:04:INFO:###test_add_product####:
2025-01-15 12:32:09:INFO:****Opening URL****:
2025-01-15 12:32:09:INFO:****Entering Username****:
2025-01-15 12:32:09:INFO:****Entering password****:
2025-01-15 12:32:16:INFO:****Clicked_on_slider***:
2025-01-15 12:32:16:INFO:****Clicked_on_product_catalogue***:
2025-01-15 12:32:16:INFO:****Clicked_on_product***:
2025-01-15 12:33:02:INFO:###test_add_product####:
2025-01-15 12:33:09:INFO:****Opening URL****:
2025-01-15 12:33:09:INFO:****Entering Username****:
2025-01-15 12:33:09:INFO:****Entering password****:
2025-01-15 12:33:16:INFO:****Clicked_on_slider***:
2025-01-15 12:33:16:INFO:****Clicked_on_product_catalogue***:
2025-01-15 12:33:16:INFO:****Clicked_on_product***:
2025-01-15 12:43:49:INFO:###test_add_product####:
2025-01-15 12:43:55:INFO:****Opening URL****:
2025-01-15 12:43:56:INFO:****Entering Username****:
2025-01-15 12:43:56:INFO:****Entering password****:
2025-01-15 12:44:03:INFO:****Clicked_on_slider***:
2025-01-15 12:44:03:INFO:****Clicked_on_product_catalogue***:
2025-01-15 12:45:23:INFO:###test_add_product####:
2025-01-15 12:45:29:INFO:****Opening URL****:
2025-01-15 12:45:29:INFO:****Entering Username****:
2025-01-15 12:45:29:INFO:****Entering password****:
2025-01-15 12:45:36:INFO:****Clicked_on_slider***:
2025-01-15 12:45:36:INFO:****Clicked_on_product_catalogue***:
2025-01-15 12:46:20:INFO:###test_add_product####:
2025-01-15 12:46:26:INFO:****Opening URL****:
2025-01-15 12:46:26:INFO:****Entering Username****:
2025-01-15 12:46:26:INFO:****Entering password****:
2025-01-15 12:46:32:INFO:****Clicked_on_slider***:
2025-01-15 12:46:32:INFO:****Clicked_on_product_catalogue***:
2025-01-15 12:47:57:INFO:###test_add_product####:
2025-01-15 12:48:03:INFO:****Opening URL****:
2025-01-15 12:48:03:INFO:****Entering Username****:
2025-01-15 12:48:03:INFO:****Entering password****:
2025-01-15 12:48:10:INFO:****Clicked_on_slider***:
2025-01-15 12:48:10:INFO:****Clicked_on_product_catalogue***:
2025-01-15 12:49:34:INFO:###test_add_product####:
2025-01-15 12:49:40:INFO:****Opening URL****:
2025-01-15 12:49:40:INFO:****Entering Username****:
2025-01-15 12:49:40:INFO:****Entering password****:
2025-01-15 12:49:47:INFO:****Clicked_on_slider***:
2025-01-15 12:49:47:INFO:****Clicked_on_product_catalogue***:
2025-01-15 12:50:47:INFO:###test_add_product####:
2025-01-15 12:50:53:INFO:****Opening URL****:
2025-01-15 12:50:53:INFO:****Entering Username****:
2025-01-15 12:50:53:INFO:****Entering password****:
2025-01-15 12:51:00:INFO:****Clicked_on_slider***:
2025-01-15 12:51:00:INFO:****Clicked_on_product_catalogue***:
2025-01-15 12:51:19:INFO:###test_add_product####:
2025-01-15 12:51:24:INFO:****Opening URL****:
2025-01-15 12:51:24:INFO:****Entering Username****:
2025-01-15 12:51:25:INFO:****Entering password****:
2025-01-15 12:51:31:INFO:****Clicked_on_slider***:
2025-01-15 12:51:31:INFO:****Clicked_on_product_catalogue***:
2025-01-15 12:55:53:INFO:###test_add_product####:
2025-01-15 12:55:58:INFO:****Opening URL****:
2025-01-15 12:55:58:INFO:****Entering Username****:
2025-01-15 12:55:58:INFO:****Entering password****:
2025-01-15 12:56:05:INFO:****Clicked_on_slider***:
2025-01-15 12:56:05:INFO:****Clicked_on_product_catalogue***:
2025-01-15 12:56:39:INFO:###test_add_product####:
2025-01-15 12:56:44:INFO:****Opening URL****:
2025-01-15 12:56:44:INFO:****Entering Username****:
2025-01-15 12:56:44:INFO:****Entering password****:
2025-01-15 13:16:44:INFO:###test_valid_admin_login####:
2025-01-15 13:16:50:INFO:****Opening URL****:
2025-01-15 13:16:50:INFO:****Entering Username****:
2025-01-15 13:16:51:INFO:****Entering password****:
2025-01-15 13:16:58:INFO:************Platform_finded************:
2025-01-15 13:17:17:INFO:####test_title_verification###:
2025-01-15 13:17:17:INFO:****Opening URL****:
2025-01-15 13:17:22:INFO:************Title match************:
2025-01-15 13:17:25:INFO:###test_valid_admin_login####:
2025-01-15 13:17:31:INFO:****Opening URL****:
2025-01-15 13:17:31:INFO:****Entering Username****:
2025-01-15 13:17:31:INFO:****Entering password****:
2025-01-15 13:17:38:INFO:************Platform_finded************:
2025-01-15 13:19:21:INFO:###test_valid_admin_login####:
2025-01-15 13:19:27:INFO:****Opening URL****:
2025-01-15 13:19:27:INFO:****Entering Username****:
2025-01-15 13:19:27:INFO:****Entering password****:
2025-01-15 13:19:34:INFO:************Platform_finded************:
2025-01-15 14:01:25:INFO:###test_add_product####:
2025-01-15 14:01:31:INFO:****Opening URL****:
2025-01-15 14:01:32:INFO:****Entering Username****:
2025-01-15 14:01:32:INFO:****Entering password****:
2025-01-15 14:01:39:INFO:****Clicked_on_slider***:
2025-01-15 14:02:24:INFO:###test_add_product####:
2025-01-15 14:02:30:INFO:****Opening URL****:
2025-01-15 14:02:30:INFO:****Entering Username****:
2025-01-15 14:02:30:INFO:****Entering password****:
2025-01-15 14:02:37:INFO:****Clicked_on_slider***:
2025-01-15 14:02:37:INFO:****Clicked_on_product_catalogue***:
2025-01-15 14:07:55:INFO:###test_add_product####:
2025-01-15 14:08:02:INFO:****Opening URL****:
2025-01-15 14:08:02:INFO:****Entering Username****:
2025-01-15 14:08:02:INFO:****Entering password****:
2025-01-15 14:09:06:INFO:###test_add_product####:
2025-01-15 14:09:12:INFO:****Opening URL****:
2025-01-15 14:09:12:INFO:****Entering Username****:
2025-01-15 14:09:13:INFO:****Entering password****:
2025-01-15 14:13:19:INFO:###test_add_product####:
2025-01-15 14:13:25:INFO:****Opening URL****:
2025-01-15 14:13:25:INFO:****Entering Username****:
2025-01-15 14:13:26:INFO:****Entering password****:
2025-01-15 14:13:32:INFO:****Clicked_on_product_catalogue***:
2025-01-15 14:15:07:INFO:###test_add_product####:
2025-01-15 14:15:13:INFO:****Opening URL****:
2025-01-15 14:15:14:INFO:****Entering Username****:
2025-01-15 14:15:14:INFO:****Entering password****:
2025-01-15 14:15:21:INFO:****Clicked_on_product_catalogue***:
2025-01-15 17:14:41:INFO:###test_add_product####:
2025-01-15 17:14:48:INFO:****Opening URL****:
2025-01-15 17:14:48:INFO:****Entering Username****:
2025-01-15 17:14:49:INFO:****Entering password****:
2025-01-15 17:14:58:INFO:****Clicked_on_product_catalogue***:
2025-01-15 17:15:28:INFO:###test_add_product####:
2025-01-15 17:15:34:INFO:****Opening URL****:
2025-01-15 17:15:35:INFO:****Entering Username****:
2025-01-15 17:15:35:INFO:****Entering password****:
2025-01-15 17:15:42:INFO:****Clicked_on_product_catalogue***:
2025-01-15 17:50:41:INFO:###test_add_product####:
2025-01-15 17:50:47:INFO:****Opening URL****:
2025-01-15 17:50:48:INFO:****Entering Username****:
2025-01-15 17:50:48:INFO:****Entering password****:
2025-01-15 17:50:56:INFO:****Clicked_on_product_catalogue***:
2025-01-15 17:51:07:INFO:####test_title_verification###:
2025-01-15 17:51:09:INFO:****Opening URL****:
2025-01-15 17:51:14:INFO:************Title match************:
2025-01-15 17:51:19:INFO:###test_valid_admin_login####:
2025-01-15 17:51:25:INFO:****Opening URL****:
2025-01-15 17:51:25:INFO:****Entering Username****:
2025-01-15 17:51:26:INFO:****Entering password****:
2025-01-15 17:51:32:INFO:************Platform_finded************:
2025-01-15 17:52:33:INFO:####test_title_verification###:
2025-01-15 17:52:34:INFO:****Opening URL****:
2025-01-15 17:52:39:INFO:************Title match************:
2025-01-15 17:52:46:INFO:###test_valid_admin_login####:
2025-01-15 17:52:52:INFO:****Opening URL****:
2025-01-15 17:52:52:INFO:****Entering Username****:
2025-01-15 17:52:53:INFO:****Entering password****:
2025-01-15 17:52:59:INFO:************Platform_finded************:
2025-01-22 17:07:17:INFO:###test_add_product####:
2025-01-22 17:09:27:INFO:####test_title_verification###:
2025-01-22 17:09:28:INFO:****Opening URL****:
2025-01-22 17:09:33:INFO:************Title match************:
2025-01-22 17:09:38:INFO:###test_valid_admin_login####:
2025-01-22 17:09:45:INFO:****Opening URL****:
2025-01-22 17:09:46:INFO:****Entering Username****:
2025-01-22 17:09:46:INFO:****Entering password****:
2025-01-22 17:13:20:INFO:####test_title_verification###:
2025-01-22 17:13:25:INFO:###test_valid_admin_login####:
2025-01-22 17:16:16:INFO:####test_title_verification###:
2025-01-22 17:17:25:INFO:####test_title_verification###:
2025-01-22 17:18:28:INFO:####test_title_verification###:
2025-01-22 17:18:30:INFO:****Opening URL****:
2025-01-22 17:18:35:INFO:************Title match************:
2025-01-23 12:24:04:INFO:####test_title_verification###:
2025-01-23 12:24:16:INFO:****Opening URL****:
2025-01-23 12:24:21:INFO:************Title not match************:
2025-01-23 12:25:17:INFO:####test_title_verification###:
2025-01-23 12:25:23:INFO:****Opening URL****:
2025-01-23 12:25:28:INFO:************Title not match************:
2025-01-23 12:32:34:INFO:###test_valid_admin_login####:
2025-01-23 12:32:44:INFO:****Opening URL****:
2025-01-23 12:32:48:INFO:****Entering Username****:
2025-01-23 12:32:48:INFO:****Entering password****:
2025-01-23 12:33:42:INFO:###test_valid_admin_login####:
2025-01-23 12:33:53:INFO:****Opening URL****:
2025-01-23 12:33:53:INFO:****Entering Username****:
2025-01-23 12:33:53:INFO:****Entering password****:
2025-01-23 12:34:49:INFO:###test_valid_admin_login####:
2025-01-23 12:34:59:INFO:****Opening URL****:
2025-01-23 12:34:59:INFO:****Entering Username****:
2025-01-23 12:34:59:INFO:****Entering password****:
2025-01-23 12:38:42:INFO:###test_valid_admin_login####:
2025-01-23 12:38:52:INFO:****Opening URL****:
2025-01-23 12:38:52:INFO:****Entering Username****:
2025-01-23 12:38:53:INFO:****Entering password****:
2025-01-23 12:39:25:INFO:###test_valid_admin_login####:
2025-01-23 12:39:42:INFO:****Opening URL****:
2025-01-23 12:39:42:INFO:****Entering Username****:
2025-01-23 12:39:42:INFO:****Entering password****:
2025-01-23 12:39:48:INFO:************Platform_finded************:
2025-01-23 12:42:03:INFO:####test_title_verification###:
2025-01-23 12:42:07:INFO:****Opening URL****:
2025-01-23 12:42:14:INFO:************Title not match************:
2025-01-23 12:43:39:INFO:####test_title_verification###:
2025-01-23 12:43:54:INFO:****Opening URL****:
2025-01-23 12:43:59:INFO:************Title not match************:
2025-01-23 12:44:26:INFO:####test_title_verification###:
2025-01-23 12:44:51:INFO:****Opening URL****:
2025-01-23 12:45:22:INFO:####test_title_verification###:
2025-01-23 12:45:34:INFO:****Opening URL****:
2025-01-23 12:49:59:INFO:####test_title_verification###:
2025-01-23 12:50:12:INFO:****Opening URL****:
2025-01-23 12:50:55:INFO:####test_title_verification###:
2025-01-23 12:51:10:INFO:****Opening URL****:
2025-01-23 12:51:15:INFO:************Title match************:
2025-01-23 13:46:16:INFO:###test_valid_admin_login####:
2025-01-23 13:46:32:INFO:****Opening URL****:
2025-01-23 13:48:08:INFO:###test_valid_admin_login####:
2025-01-23 13:48:18:INFO:****Opening URL****:
2025-01-23 13:49:30:INFO:###test_valid_admin_login####:
2025-01-23 13:49:41:INFO:****Opening URL****:
2025-01-23 13:50:43:INFO:###test_valid_admin_login####:
2025-01-23 13:51:01:INFO:****Opening URL****:
2025-01-23 13:53:19:INFO:###test_valid_admin_login####:
2025-01-23 13:53:33:INFO:****Opening URL****:
2025-01-23 14:07:23:INFO:###test_valid_admin_login####:
2025-01-23 14:07:34:INFO:****Opening URL****:
2025-01-23 14:50:14:INFO:###test_valid_admin_login####:
2025-01-23 14:50:24:INFO:****Opening URL****:
2025-01-23 14:52:36:INFO:###test_valid_admin_login####:
2025-01-23 14:52:45:INFO:****Opening URL****:
2025-01-23 14:56:34:INFO:###test_valid_admin_login####:
2025-01-23 14:56:43:INFO:****Opening URL****:
2025-01-23 14:58:13:INFO:###test_valid_admin_login####:
2025-01-23 14:58:26:INFO:****Opening URL****:
2025-01-23 14:59:19:INFO:###test_valid_admin_login####:
2025-01-23 14:59:25:INFO:****Opening URL****:
2025-01-23 15:01:21:INFO:###test_valid_admin_login####:
2025-01-23 15:01:36:INFO:****Opening URL****:
2025-01-23 15:02:29:INFO:###test_valid_admin_login####:
2025-01-23 15:02:36:INFO:****Opening URL****:
2025-01-23 15:03:52:INFO:###test_valid_admin_login####:
2025-01-23 15:04:00:INFO:****Opening URL****:
2025-01-23 15:06:34:INFO:###test_valid_admin_login####:
2025-01-23 15:06:42:INFO:****Opening URL****:
2025-01-23 15:07:25:INFO:###test_valid_admin_login####:
2025-01-23 15:07:32:INFO:****Opening URL****:
2025-01-23 15:11:46:INFO:###test_valid_admin_login####:
2025-01-23 15:11:54:INFO:****Opening URL****:
2025-01-23 15:13:35:INFO:###test_valid_admin_login####:
2025-01-23 15:13:44:INFO:****Opening URL****:
2025-01-23 15:15:39:INFO:###test_valid_admin_login####:
2025-01-23 15:15:50:INFO:****Opening URL****:
2025-01-23 15:16:37:INFO:###test_valid_admin_login####:
2025-01-23 15:16:49:INFO:****Opening URL****:
2025-01-23 17:38:03:INFO:###test_valid_admin_login####:
2025-01-23 17:38:17:INFO:****Opening URL****:
2025-01-23 17:41:15:INFO:###test_valid_admin_login####:
2025-01-23 17:41:31:INFO:****Opening URL****:
2025-01-23 17:44:38:INFO:###test_valid_admin_login####:
2025-01-23 17:44:51:INFO:****Opening URL****:
2025-01-23 17:46:44:INFO:###test_valid_admin_login####:
2025-01-23 17:46:59:INFO:****Opening URL****:
2025-01-23 17:52:40:INFO:###test_valid_admin_login####:
2025-01-23 17:52:55:INFO:****Opening URL****:
2025-01-23 17:53:56:INFO:###test_valid_admin_login####:
2025-01-23 17:54:11:INFO:****Opening URL****:
2025-01-23 17:55:43:INFO:###test_valid_admin_login####:
2025-01-23 17:56:00:INFO:****Opening URL****:
2025-01-23 17:56:51:INFO:###test_valid_admin_login####:
2025-01-23 17:57:05:INFO:****Opening URL****:
2025-01-23 17:59:56:INFO:###test_valid_admin_login####:
2025-01-23 18:00:12:INFO:****Opening URL****:
2025-01-23 18:05:13:INFO:###test_valid_admin_login####:
2025-01-23 18:05:32:INFO:****Opening URL****:
2025-01-23 18:07:02:INFO:###test_valid_admin_login####:
2025-01-23 18:07:17:INFO:****Opening URL****:
2025-01-28 17:20:37:INFO:###test_valid_admin_login####:
2025-01-28 17:20:45:INFO:****Opening URL****:
2025-01-28 17:23:34:INFO:###test_valid_admin_login####:
2025-01-28 17:23:45:INFO:****Opening URL****:
2025-01-28 17:24:09:INFO:###test_valid_admin_login####:
2025-01-28 17:24:15:INFO:****Opening URL****:
2025-01-28 17:26:33:INFO:###test_valid_admin_login####:
2025-01-28 17:26:43:INFO:****Opening URL****:
2025-01-28 17:28:30:INFO:###test_valid_admin_login####:
2025-01-28 17:28:38:INFO:****Opening URL****:
2025-01-28 17:29:56:INFO:###test_valid_admin_login####:
2025-01-28 17:30:02:INFO:****Opening URL****:
2025-01-28 17:31:18:INFO:###test_valid_admin_login####:
2025-01-28 17:31:26:INFO:****Opening URL****:
2025-01-28 17:32:02:INFO:###test_valid_admin_login####:
2025-01-28 17:32:07:INFO:****Opening URL****:
2025-01-28 17:32:27:INFO:###test_valid_admin_login####:
2025-01-28 17:32:34:INFO:****Opening URL****:
2025-01-28 17:40:56:INFO:###test_valid_admin_login####:
2025-01-28 17:41:07:INFO:****Opening URL****:
2025-01-28 17:41:37:INFO:###test_valid_admin_login####:
2025-01-28 17:41:43:INFO:****Opening URL****:
2025-01-28 17:44:26:INFO:###test_valid_admin_login####:
2025-01-28 17:44:37:INFO:****Opening URL****:
2025-01-28 17:46:07:INFO:###test_valid_admin_login####:
2025-01-28 17:46:15:INFO:****Opening URL****:
2025-01-28 17:59:59:INFO:###test_valid_admin_login####:
2025-01-28 18:00:08:INFO:****Opening URL****:
2025-01-28 18:01:16:INFO:###test_valid_admin_login####:
2025-01-28 18:01:32:INFO:****Opening URL****:
2025-01-28 18:03:10:INFO:###test_valid_admin_login####:
2025-01-28 18:03:26:INFO:****Opening URL****:
2025-01-28 18:12:34:INFO:###test_valid_admin_login####:
2025-01-28 18:12:51:INFO:****Opening URL****:
2025-01-28 18:42:09:INFO:###test_valid_admin_login####:
2025-01-28 18:42:20:INFO:****Opening URL****:
2025-01-28 18:43:42:INFO:###test_valid_admin_login####:
2025-01-28 18:43:58:INFO:****Opening URL****:
2025-01-28 18:58:18:INFO:###test_valid_admin_login####:
2025-01-28 18:58:40:INFO:****Opening URL****:
2025-01-28 18:59:04:INFO:###test_add_product####:
2025-01-28 18:59:09:INFO:####test_title_verification###:
2025-01-28 18:59:53:INFO:****Opening URL****:
2025-01-28 18:59:58:INFO:************Title match************:
2025-01-28 19:00:03:INFO:###test_valid_admin_login####:
2025-01-28 19:00:25:INFO:****Opening URL****:
2025-01-28 19:00:25:INFO:****Entering Username****:
2025-01-28 19:00:26:INFO:****Entering password****:
2025-01-28 19:00:37:INFO:************Platform_finded************:
2025-01-28 19:00:42:INFO:###test_valid_admin_login####:
2025-01-28 19:01:00:INFO:****Opening URL****:
2025-01-28 19:01:21:INFO:###test_valid_admin_login####:
2025-01-28 19:01:36:INFO:****Opening URL****:
2025-01-29 14:07:25:INFO:####test_title_verification###:
2025-01-29 14:07:35:INFO:****Opening URL****:
2025-01-29 14:07:40:INFO:************Title match************:
2025-01-29 14:19:33:INFO:###test_valid_admin_login####:
2025-01-29 14:19:47:INFO:****Opening URL****:
2025-01-29 14:20:38:INFO:###test_valid_admin_login####:
2025-01-29 14:20:50:INFO:****Opening URL****:
2025-01-29 14:23:26:INFO:###test_valid_admin_login####:
2025-01-29 14:23:42:INFO:****Opening URL****:
2025-01-29 14:31:55:INFO:###test_valid_admin_login####:
2025-01-29 14:32:03:INFO:****Opening URL****:
2025-01-29 14:36:04:INFO:###test_valid_admin_login####:
2025-01-29 14:36:12:INFO:****Opening URL****:
2025-01-29 14:42:22:INFO:###test_valid_admin_login####:
2025-01-29 14:42:35:INFO:****Opening URL****:
2025-01-29 14:42:53:INFO:###test_valid_admin_login####:
2025-01-29 14:43:04:INFO:****Opening URL****:
2025-01-29 14:50:04:INFO:###test_valid_admin_login####:
2025-01-29 14:50:19:INFO:****Opening URL****:
2025-01-29 14:55:04:INFO:###test_valid_admin_login####:
2025-01-29 14:55:15:INFO:****Opening URL****:
2025-01-29 14:57:09:INFO:###test_valid_admin_login####:
2025-01-29 14:57:19:INFO:****Opening URL****:
2025-01-29 14:58:02:INFO:###test_valid_admin_login####:
2025-01-29 14:58:11:INFO:****Opening URL****:
2025-01-29 15:00:55:INFO:###test_valid_admin_login####:
2025-01-29 15:01:04:INFO:****Opening URL****:
2025-01-29 15:06:41:INFO:###test_valid_admin_login####:
2025-01-29 15:06:49:INFO:****Opening URL****:
2025-01-29 15:27:44:WARNING:The chromedriver version (120.0.6099.109) detected in PATH at C:\webdrivers\chromedriver.exe might not be compatible with the detected chrome version (132.0.6834.112); currently, chromedriver 132.0.6834.159 is recommended for chrome 132.*, so it is advised to delete the driver in PATH and retry:
2025-01-29 15:29:02:WARNING:The chromedriver version (120.0.6099.109) detected in PATH at C:\webdrivers\chromedriver.exe might not be compatible with the detected chrome version (132.0.6834.112); currently, chromedriver 132.0.6834.159 is recommended for chrome 132.*, so it is advised to delete the driver in PATH and retry:
2025-01-29 15:37:09:INFO:====== WebDriver manager ======:
2025-01-29 15:37:17:INFO:Get LATEST chromedriver version for google-chrome:
2025-01-29 15:37:17:INFO:Get LATEST chromedriver version for google-chrome:
2025-01-29 15:37:17:INFO:There is no [win64] chromedriver "132.0.6834.159" for browser google-chrome "132.0.6834" in cache:
2025-01-29 15:37:17:INFO:Get LATEST chromedriver version for google-chrome:
2025-01-29 15:37:18:INFO:WebDriver version 132.0.6834.159 selected:
2025-01-29 15:37:18:INFO:Modern chrome version https://storage.googleapis.com/chrome-for-testing-public/132.0.6834.159/win32/chromedriver-win32.zip:
2025-01-29 15:37:18:INFO:About to download new driver from https://storage.googleapis.com/chrome-for-testing-public/132.0.6834.159/win32/chromedriver-win32.zip:
2025-01-29 15:37:18:INFO:Driver downloading response is 200:
2025-01-29 15:37:20:INFO:Get LATEST chromedriver version for google-chrome:
2025-01-29 15:37:21:INFO:Driver has been saved in cache [C:\Users\Dell\.wdm\drivers\chromedriver\win64\132.0.6834.159]:
2025-01-29 15:37:25:INFO:###test_valid_admin_login####:
2025-01-29 15:37:36:INFO:****Opening URL****:
2025-01-29 15:39:27:INFO:====== WebDriver manager ======:
2025-01-29 15:39:33:INFO:Get LATEST chromedriver version for google-chrome:
2025-01-29 15:39:33:INFO:Get LATEST chromedriver version for google-chrome:
2025-01-29 15:39:34:INFO:Driver [C:\Users\Dell\.wdm\drivers\chromedriver\win64\132.0.6834.159\chromedriver-win32/chromedriver.exe] found in cache:
2025-01-29 15:39:36:INFO:###test_valid_admin_login####:
2025-01-29 15:39:42:INFO:****Opening URL****:
2025-01-29 15:40:18:INFO:====== WebDriver manager ======:
2025-01-29 15:40:25:INFO:Get LATEST chromedriver version for google-chrome:
2025-01-29 15:40:25:INFO:Get LATEST chromedriver version for google-chrome:
2025-01-29 15:40:25:INFO:Driver [C:\Users\Dell\.wdm\drivers\chromedriver\win64\132.0.6834.159\chromedriver-win32/chromedriver.exe] found in cache:
2025-01-29 15:40:27:INFO:###test_valid_admin_login####:
2025-01-29 15:40:34:INFO:****Opening URL****:
2025-01-29 15:47:30:INFO:====== WebDriver manager ======:
2025-01-29 15:47:37:INFO:Get LATEST chromedriver version for google-chrome:
2025-01-29 15:47:37:INFO:Get LATEST chromedriver version for google-chrome:
2025-01-29 15:47:38:INFO:Driver [C:\Users\Dell\.wdm\drivers\chromedriver\win64\132.0.6834.159\chromedriver-win32/chromedriver.exe] found in cache:
2025-01-29 15:47:40:INFO:###test_valid_admin_login####:
2025-01-29 15:47:47:INFO:****Opening URL****:
2025-01-29 15:51:31:INFO:====== WebDriver manager ======:
2025-01-29 15:51:37:INFO:Get LATEST chromedriver version for google-chrome:
2025-01-29 15:51:37:INFO:Get LATEST chromedriver version for google-chrome:
2025-01-29 15:51:37:INFO:Driver [C:\Users\Dell\.wdm\drivers\chromedriver\win64\132.0.6834.159\chromedriver-win32/chromedriver.exe] found in cache:
2025-01-29 15:51:39:INFO:###test_valid_admin_login####:
2025-01-29 15:51:49:INFO:****Opening URL****:
2025-01-29 15:52:44:INFO:====== WebDriver manager ======:
2025-01-29 15:52:50:INFO:Get LATEST chromedriver version for google-chrome:
2025-01-29 15:52:50:INFO:Get LATEST chromedriver version for google-chrome:
2025-01-29 15:52:50:INFO:Driver [C:\Users\Dell\.wdm\drivers\chromedriver\win64\132.0.6834.159\chromedriver-win32/chromedriver.exe] found in cache:
2025-01-29 15:52:52:INFO:###test_valid_admin_login####:
2025-01-29 15:53:02:INFO:****Opening URL****:
2025-01-29 15:54:33:INFO:====== WebDriver manager ======:
2025-01-29 15:54:39:INFO:Get LATEST chromedriver version for google-chrome:
2025-01-29 15:54:39:INFO:Get LATEST chromedriver version for google-chrome:
2025-01-29 15:54:39:INFO:Driver [C:\Users\Dell\.wdm\drivers\chromedriver\win64\132.0.6834.159\chromedriver-win32/chromedriver.exe] found in cache:
2025-01-29 15:54:41:INFO:###test_valid_admin_login####:
2025-01-29 15:54:51:INFO:****Opening URL****:
2025-01-29 15:55:09:WARNING:Retrying (Retry(total=2, connect=None, read=None, redirect=None, status=None)) after connection broken by 'NewConnectionError('<urllib3.connection.HTTPConnection object at 0x00000146F10382C0>: Failed to establish a new connection: [WinError 10061] No connection could be made because the target machine actively refused it')': /session/aa184dac6e44e467308a0592903318c9:
2025-01-29 15:55:13:WARNING:Retrying (Retry(total=1, connect=None, read=None, redirect=None, status=None)) after connection broken by 'NewConnectionError('<urllib3.connection.HTTPConnection object at 0x00000146F1038A10>: Failed to establish a new connection: [WinError 10061] No connection could be made because the target machine actively refused it')': /session/aa184dac6e44e467308a0592903318c9:
2025-01-29 15:55:18:WARNING:Retrying (Retry(total=0, connect=None, read=None, redirect=None, status=None)) after connection broken by 'NewConnectionError('<urllib3.connection.HTTPConnection object at 0x00000146F1038BC0>: Failed to establish a new connection: [WinError 10061] No connection could be made because the target machine actively refused it')': /session/aa184dac6e44e467308a0592903318c9:
2025-01-29 15:56:04:INFO:====== WebDriver manager ======:
2025-01-29 15:56:10:INFO:Get LATEST chromedriver version for google-chrome:
2025-01-29 15:56:10:INFO:Get LATEST chromedriver version for google-chrome:
2025-01-29 15:56:11:INFO:Driver [C:\Users\Dell\.wdm\drivers\chromedriver\win64\132.0.6834.159\chromedriver-win32/chromedriver.exe] found in cache:
2025-01-29 15:56:13:INFO:####test_title_verification###:
2025-01-29 15:56:20:INFO:****Opening URL****:
2025-01-29 15:56:25:INFO:************Title match************:
2025-01-29 15:57:17:INFO:====== WebDriver manager ======:
2025-01-29 15:57:22:INFO:Get LATEST chromedriver version for google-chrome:
2025-01-29 15:57:23:INFO:Get LATEST chromedriver version for google-chrome:
2025-01-29 15:57:23:INFO:Driver [C:\Users\Dell\.wdm\drivers\chromedriver\win64\132.0.6834.159\chromedriver-win32/chromedriver.exe] found in cache:
2025-01-29 15:57:25:INFO:####test_title_verification###:
2025-01-29 15:57:33:INFO:****Opening URL****:
2025-01-29 15:57:38:INFO:************Title match************:
2025-01-29 15:57:42:INFO:====== WebDriver manager ======:
2025-01-29 15:57:49:INFO:Get LATEST chromedriver version for google-chrome:
2025-01-29 15:57:49:INFO:Get LATEST chromedriver version for google-chrome:
2025-01-29 15:57:49:INFO:Driver [C:\Users\Dell\.wdm\drivers\chromedriver\win64\132.0.6834.159\chromedriver-win32/chromedriver.exe] found in cache:
2025-01-29 15:57:51:INFO:###test_valid_admin_login####:
2025-01-29 15:58:03:INFO:****Opening URL****:
2025-01-29 15:58:03:INFO:****Entering Username****:
2025-01-29 15:58:03:INFO:****Entering password****:
2025-01-29 15:58:11:INFO:************Platform_finded************:
2025-01-29 17:44:17:INFO:====== WebDriver manager ======:
2025-01-29 17:44:22:INFO:Get LATEST chromedriver version for google-chrome:
2025-01-29 17:44:23:INFO:Get LATEST chromedriver version for google-chrome:
2025-01-29 17:44:23:INFO:Driver [C:\Users\Dell\.wdm\drivers\chromedriver\win64\132.0.6834.159\chromedriver-win32/chromedriver.exe] found in cache:
2025-01-29 17:44:27:INFO:####test_title_verification###:
2025-01-29 17:44:41:INFO:****Opening URL****:
2025-01-29 17:44:46:INFO:************Title match************:
2025-01-29 17:44:52:INFO:====== WebDriver manager ======:
2025-01-29 17:44:58:INFO:Get LATEST chromedriver version for google-chrome:
2025-01-29 17:44:59:INFO:Get LATEST chromedriver version for google-chrome:
2025-01-29 17:44:59:INFO:Driver [C:\Users\Dell\.wdm\drivers\chromedriver\win64\132.0.6834.159\chromedriver-win32/chromedriver.exe] found in cache:
2025-01-29 17:45:02:INFO:###test_valid_admin_login####:
2025-01-29 17:45:14:INFO:****Opening URL****:
2025-01-29 17:45:15:INFO:****Entering Username****:
2025-01-29 17:45:15:INFO:****Entering password****:
2025-01-29 17:45:25:INFO:************Platform_finded************:
2025-01-29 17:46:37:INFO:====== WebDriver manager ======:
2025-01-29 17:46:42:INFO:Get LATEST chromedriver version for google-chrome:
2025-01-29 17:46:42:INFO:Get LATEST chromedriver version for google-chrome:
2025-01-29 17:46:43:INFO:Driver [C:\Users\Dell\.wdm\drivers\chromedriver\win64\132.0.6834.159\chromedriver-win32/chromedriver.exe] found in cache:
2025-01-29 17:46:46:INFO:###test_valid_admin_login####:
2025-01-29 17:46:59:INFO:****Opening URL****:
2025-01-29 17:47:21:WARNING:Retrying (Retry(total=2, connect=None, read=None, redirect=None, status=None)) after connection broken by 'NewConnectionError('<urllib3.connection.HTTPConnection object at 0x000002D9FC874800>: Failed to establish a new connection: [WinError 10061] No connection could be made because the target machine actively refused it')': /session/91d244ff31a571d88d86c2f28af92dbd:
2025-01-29 17:47:25:WARNING:Retrying (Retry(total=1, connect=None, read=None, redirect=None, status=None)) after connection broken by 'NewConnectionError('<urllib3.connection.HTTPConnection object at 0x000002D9FC874B30>: Failed to establish a new connection: [WinError 10061] No connection could be made because the target machine actively refused it')': /session/91d244ff31a571d88d86c2f28af92dbd:
2025-01-29 17:47:29:WARNING:Retrying (Retry(total=0, connect=None, read=None, redirect=None, status=None)) after connection broken by 'NewConnectionError('<urllib3.connection.HTTPConnection object at 0x000002D9FC874CE0>: Failed to establish a new connection: [WinError 10061] No connection could be made because the target machine actively refused it')': /session/91d244ff31a571d88d86c2f28af92dbd:
2025-01-29 18:05:18:INFO:====== WebDriver manager ======:
2025-01-29 18:05:24:INFO:Get LATEST chromedriver version for google-chrome:
2025-01-29 18:05:24:INFO:Get LATEST chromedriver version for google-chrome:
2025-01-29 18:05:24:INFO:Driver [C:\Users\Dell\.wdm\drivers\chromedriver\win64\132.0.6834.159\chromedriver-win32/chromedriver.exe] found in cache:
2025-01-29 18:05:27:INFO:###test_valid_admin_login####:
2025-01-29 18:05:42:INFO:****Opening URL****:
2025-01-29 18:07:04:INFO:====== WebDriver manager ======:
2025-01-29 18:07:10:INFO:Get LATEST chromedriver version for google-chrome:
2025-01-29 18:07:10:INFO:Get LATEST chromedriver version for google-chrome:
2025-01-29 18:07:11:INFO:Driver [C:\Users\Dell\.wdm\drivers\chromedriver\win64\132.0.6834.159\chromedriver-win32/chromedriver.exe] found in cache:
2025-01-29 18:07:13:INFO:###test_valid_admin_login####:
2025-01-29 18:07:27:INFO:****Opening URL****:
2025-01-29 18:12:40:INFO:====== WebDriver manager ======:
2025-01-29 18:12:45:INFO:Get LATEST chromedriver version for google-chrome:
2025-01-29 18:12:45:INFO:Get LATEST chromedriver version for google-chrome:
2025-01-29 18:12:46:INFO:Driver [C:\Users\Dell\.wdm\drivers\chromedriver\win64\132.0.6834.159\chromedriver-win32/chromedriver.exe] found in cache:
2025-01-29 18:12:48:INFO:###test_valid_admin_login####:
2025-01-29 18:13:00:INFO:****Opening URL****:
2025-01-29 18:14:10:INFO:====== WebDriver manager ======:
2025-01-29 18:14:15:INFO:Get LATEST chromedriver version for google-chrome:
2025-01-29 18:14:15:INFO:Get LATEST chromedriver version for google-chrome:
2025-01-29 18:14:15:INFO:Driver [C:\Users\Dell\.wdm\drivers\chromedriver\win64\132.0.6834.159\chromedriver-win32/chromedriver.exe] found in cache:
2025-01-29 18:14:18:INFO:###test_valid_admin_login####:
2025-01-29 18:14:27:INFO:****Opening URL****:
2025-01-29 18:15:00:WARNING:Retrying (Retry(total=2, connect=None, read=None, redirect=None, status=None)) after connection broken by 'NewConnectionError('<urllib3.connection.HTTPConnection object at 0x000002590964D100>: Failed to establish a new connection: [WinError 10061] No connection could be made because the target machine actively refused it')': /session/1034aad10de72218302cfb3a642bfd00:
2025-01-29 18:15:04:WARNING:Retrying (Retry(total=1, connect=None, read=None, redirect=None, status=None)) after connection broken by 'NewConnectionError('<urllib3.connection.HTTPConnection object at 0x000002590964D610>: Failed to establish a new connection: [WinError 10061] No connection could be made because the target machine actively refused it')': /session/1034aad10de72218302cfb3a642bfd00:
2025-01-29 18:15:08:WARNING:Retrying (Retry(total=0, connect=None, read=None, redirect=None, status=None)) after connection broken by 'NewConnectionError('<urllib3.connection.HTTPConnection object at 0x000002590964D430>: Failed to establish a new connection: [WinError 10061] No connection could be made because the target machine actively refused it')': /session/1034aad10de72218302cfb3a642bfd00:
2025-01-29 18:17:45:INFO:====== WebDriver manager ======:
2025-01-29 18:17:52:INFO:Get LATEST chromedriver version for google-chrome:
2025-01-29 18:17:52:INFO:Get LATEST chromedriver version for google-chrome:
2025-01-29 18:17:53:INFO:Driver [C:\Users\Dell\.wdm\drivers\chromedriver\win64\132.0.6834.159\chromedriver-win32/chromedriver.exe] found in cache:
2025-01-29 18:17:56:INFO:###test_valid_admin_login####:
2025-01-29 18:18:07:INFO:****Opening URL****:
2025-01-29 18:18:41:WARNING:Retrying (Retry(total=2, connect=None, read=None, redirect=None, status=None)) after connection broken by 'NewConnectionError('<urllib3.connection.HTTPConnection object at 0x000001AF4342D010>: Failed to establish a new connection: [WinError 10061] No connection could be made because the target machine actively refused it')': /session/1ebc9f5790d360747e5f0f0b21dde907:
2025-01-29 18:18:46:WARNING:Retrying (Retry(total=1, connect=None, read=None, redirect=None, status=None)) after connection broken by 'NewConnectionError('<urllib3.connection.HTTPConnection object at 0x000001AF4342D190>: Failed to establish a new connection: [WinError 10061] No connection could be made because the target machine actively refused it')': /session/1ebc9f5790d360747e5f0f0b21dde907:
2025-01-29 18:18:51:WARNING:Retrying (Retry(total=0, connect=None, read=None, redirect=None, status=None)) after connection broken by 'NewConnectionError('<urllib3.connection.HTTPConnection object at 0x000001AF4342D3D0>: Failed to establish a new connection: [WinError 10061] No connection could be made because the target machine actively refused it')': /session/1ebc9f5790d360747e5f0f0b21dde907:
2025-01-29 18:22:25:INFO:====== WebDriver manager ======:
2025-01-29 18:22:30:INFO:Get LATEST chromedriver version for google-chrome:
2025-01-29 18:22:31:INFO:Get LATEST chromedriver version for google-chrome:
2025-01-29 18:22:31:INFO:Driver [C:\Users\Dell\.wdm\drivers\chromedriver\win64\132.0.6834.159\chromedriver-win32/chromedriver.exe] found in cache:
2025-01-29 18:22:34:INFO:###test_valid_admin_login####:
2025-01-29 18:22:51:INFO:****Opening URL****:
2025-01-29 18:23:46:INFO:====== WebDriver manager ======:
2025-01-29 18:23:51:INFO:Get LATEST chromedriver version for google-chrome:
2025-01-29 18:23:51:INFO:Get LATEST chromedriver version for google-chrome:
2025-01-29 18:23:51:INFO:Driver [C:\Users\Dell\.wdm\drivers\chromedriver\win64\132.0.6834.159\chromedriver-win32/chromedriver.exe] found in cache:
2025-01-29 18:23:54:INFO:###test_valid_admin_login####:
2025-01-29 18:24:03:INFO:****Opening URL****:
2025-01-29 18:24:34:WARNING:Retrying (Retry(total=2, connect=None, read=None, redirect=None, status=None)) after connection broken by 'NewConnectionError('<urllib3.connection.HTTPConnection object at 0x000001A62D07CFE0>: Failed to establish a new connection: [WinError 10061] No connection could be made because the target machine actively refused it')': /session/2122a314b7cfff0dfc585a9a94b006d4:
2025-01-29 18:24:38:WARNING:Retrying (Retry(total=1, connect=None, read=None, redirect=None, status=None)) after connection broken by 'NewConnectionError('<urllib3.connection.HTTPConnection object at 0x000001A62D07D0A0>: Failed to establish a new connection: [WinError 10061] No connection could be made because the target machine actively refused it')': /session/2122a314b7cfff0dfc585a9a94b006d4:
2025-01-29 18:24:42:WARNING:Retrying (Retry(total=0, connect=None, read=None, redirect=None, status=None)) after connection broken by 'NewConnectionError('<urllib3.connection.HTTPConnection object at 0x000001A62D07D280>: Failed to establish a new connection: [WinError 10061] No connection could be made because the target machine actively refused it')': /session/2122a314b7cfff0dfc585a9a94b006d4:
2025-01-29 18:25:13:INFO:====== WebDriver manager ======:
2025-01-29 18:25:18:INFO:Get LATEST chromedriver version for google-chrome:
2025-01-29 18:25:18:INFO:Get LATEST chromedriver version for google-chrome:
2025-01-29 18:25:19:INFO:Driver [C:\Users\Dell\.wdm\drivers\chromedriver\win64\132.0.6834.159\chromedriver-win32/chromedriver.exe] found in cache:
2025-01-29 18:25:22:INFO:###test_valid_admin_login####:
2025-01-29 18:25:33:INFO:****Opening URL****:
2025-01-29 18:26:06:WARNING:Retrying (Retry(total=2, connect=None, read=None, redirect=None, status=None)) after connection broken by 'NewConnectionError('<urllib3.connection.HTTPConnection object at 0x000002639268C9B0>: Failed to establish a new connection: [WinError 10061] No connection could be made because the target machine actively refused it')': /session/d3fc7bd1db10b30733c21cba49e57cbe:
2025-01-29 18:26:11:WARNING:Retrying (Retry(total=1, connect=None, read=None, redirect=None, status=None)) after connection broken by 'NewConnectionError('<urllib3.connection.HTTPConnection object at 0x000002639268CA40>: Failed to establish a new connection: [WinError 10061] No connection could be made because the target machine actively refused it')': /session/d3fc7bd1db10b30733c21cba49e57cbe:
2025-01-29 18:26:15:WARNING:Retrying (Retry(total=0, connect=None, read=None, redirect=None, status=None)) after connection broken by 'NewConnectionError('<urllib3.connection.HTTPConnection object at 0x000002639268CC80>: Failed to establish a new connection: [WinError 10061] No connection could be made because the target machine actively refused it')': /session/d3fc7bd1db10b30733c21cba49e57cbe:
2025-01-30 16:35:22:INFO:====== WebDriver manager ======:
2025-01-30 16:35:26:INFO:Get LATEST chromedriver version for google-chrome:
2025-01-30 16:35:26:INFO:Get LATEST chromedriver version for google-chrome:
2025-01-30 16:35:27:INFO:Get LATEST chromedriver version for google-chrome:
2025-01-30 16:35:27:INFO:WebDriver version 132.0.6834.159 selected:
2025-01-30 16:35:27:INFO:Modern chrome version https://storage.googleapis.com/chrome-for-testing-public/132.0.6834.159/win32/chromedriver-win32.zip:
2025-01-30 16:35:27:INFO:About to download new driver from https://storage.googleapis.com/chrome-for-testing-public/132.0.6834.159/win32/chromedriver-win32.zip:
2025-01-30 16:35:28:INFO:Driver downloading response is 200:
2025-01-30 16:35:29:INFO:Get LATEST chromedriver version for google-chrome:
2025-01-30 16:35:30:INFO:Driver has been saved in cache [C:\Users\Dell\.wdm\drivers\chromedriver\win64\132.0.6834.159]:
2025-01-30 16:35:33:INFO:###test_valid_admin_login####:
2025-01-30 16:35:44:INFO:****Opening URL****:
2025-01-30 16:36:03:INFO:====== WebDriver manager ======:
2025-01-30 16:36:07:INFO:Get LATEST chromedriver version for google-chrome:
2025-01-30 16:36:07:INFO:Get LATEST chromedriver version for google-chrome:
2025-01-30 16:36:07:INFO:Driver [C:\Users\Dell\.wdm\drivers\chromedriver\win64\132.0.6834.159\chromedriver-win32/chromedriver.exe] found in cache:
2025-01-30 16:36:09:INFO:####test_title_verification###:
2025-01-30 16:36:27:INFO:****Opening URL****:
2025-01-30 16:36:32:INFO:************Title match************:
2025-01-30 16:36:35:INFO:====== WebDriver manager ======:
2025-01-30 16:36:39:INFO:Get LATEST chromedriver version for google-chrome:
2025-01-30 16:36:39:INFO:Get LATEST chromedriver version for google-chrome:
2025-01-30 16:36:39:INFO:Driver [C:\Users\Dell\.wdm\drivers\chromedriver\win64\132.0.6834.159\chromedriver-win32/chromedriver.exe] found in cache:
2025-01-30 16:36:41:INFO:###test_valid_admin_login####:
2025-01-30 16:36:54:INFO:****Opening URL****:
2025-01-30 16:36:54:INFO:****Entering Username****:
2025-01-30 16:36:54:INFO:****Entering password****:
2025-01-30 16:37:03:INFO:************Platform_finded************:
2025-01-30 16:37:06:INFO:====== WebDriver manager ======:
2025-01-30 16:37:10:INFO:Get LATEST chromedriver version for google-chrome:
2025-01-30 16:37:10:INFO:Get LATEST chromedriver version for google-chrome:
2025-01-30 16:37:10:INFO:Driver [C:\Users\Dell\.wdm\drivers\chromedriver\win64\132.0.6834.159\chromedriver-win32/chromedriver.exe] found in cache:
2025-01-30 16:37:12:INFO:###test_valid_admin_login####:
2025-01-30 16:37:20:INFO:****Opening URL****:
2025-01-30 16:37:33:INFO:====== WebDriver manager ======:
2025-01-30 16:37:37:INFO:Get LATEST chromedriver version for google-chrome:
2025-01-30 16:37:37:INFO:Get LATEST chromedriver version for google-chrome:
2025-01-30 16:37:37:INFO:Driver [C:\Users\Dell\.wdm\drivers\chromedriver\win64\132.0.6834.159\chromedriver-win32/chromedriver.exe] found in cache:
2025-01-30 16:37:39:INFO:###test_valid_admin_login####:
2025-01-30 16:37:53:INFO:****Opening URL****:
2025-01-30 16:38:20:WARNING:Retrying (Retry(total=2, connect=None, read=None, redirect=None, status=None)) after connection broken by 'NewConnectionError('<urllib3.connection.HTTPConnection object at 0x000001F07427A750>: Failed to establish a new connection: [WinError 10061] No connection could be made because the target machine actively refused it')': /session/169dfe9148ea5e66dc1495e2e18c3807:
2025-01-30 16:38:24:WARNING:Retrying (Retry(total=1, connect=None, read=None, redirect=None, status=None)) after connection broken by 'NewConnectionError('<urllib3.connection.HTTPConnection object at 0x000001F07427B4A0>: Failed to establish a new connection: [WinError 10061] No connection could be made because the target machine actively refused it')': /session/169dfe9148ea5e66dc1495e2e18c3807:
2025-01-30 16:38:28:WARNING:Retrying (Retry(total=0, connect=None, read=None, redirect=None, status=None)) after connection broken by 'NewConnectionError('<urllib3.connection.HTTPConnection object at 0x000001F07427A4E0>: Failed to establish a new connection: [WinError 10061] No connection could be made because the target machine actively refused it')': /session/169dfe9148ea5e66dc1495e2e18c3807:
